生成启动时间为 2019/9/5 10:21:04。
     1>项目“F:\OpenGL\LearnOpenGL\LearnOpenGL\LearnOpenGL.vcxproj”在节点 2 上(Build 个目标)。
     1>InitializeBuildStatus:
         正在创建“..\bin-int\Debug-windows-x86_64\LearnOpenGL\LearnOpenGL.tlog\unsuccessfulbuild”，因为已指定“AlwaysCreate”。
       ClCompile:
         所有输出均为最新。
         C:\Program Files (x86)\Microsoft Visual Studio\2017\Community\VC\Tools\MSVC\14.16.27023\bin\HostX86\x64\CL.exe /c /Isrc /Ivendor\spdlog\include /Ivendor\GLFW\include /Ivendor\Glad\include /Ivendor\imgui /Ivendor\glm /Ivendor\stb /ZI /JMC /nologo /W3 /WX- /diagnostics:classic /Od /D _CRT_SECURE_NO_WARNINGS /D STB_IMAGE_IMPLEMENTATION /D GLFW_INCLUDE_NONE /D GE_DEBUG /D _UNICODE /D UNICODE /Gm- /EHsc /RTC1 /MTd /GS /fp:precise /Zc:wchar_t /Zc:forScope /Zc:inline /std:c++17 /Yu"pch.h" /Fp"..\bin-int\Debug-windows-x86_64\LearnOpenGL\LearnOpenGL.pch" /Fo"..\bin-int\Debug-windows-x86_64\LearnOpenGL\\" /Fd"..\bin-int\Debug-windows-x86_64\LearnOpenGL\vc141.pdb" /Gd /TP /FC /errorReport:prompt src\GameEngine\Application.cpp
         Application.cpp
     1>f:\opengl\learnopengl\learnopengl\src\gameengine\application.cpp(104): warning C4305: “参数”: 从“double”到“float”截断
       Link:
         C:\Program Files (x86)\Microsoft Visual Studio\2017\Community\VC\Tools\MSVC\14.16.27023\bin\HostX86\x64\link.exe /ERRORREPORT:PROMPT /OUT:"..\bin\Debug-windows-x86_64\LearnOpenGL\LearnOpenGL.exe" /INCREMENTAL /NOLOGO opengl32.lib kernel32.lib user32.lib gdi32.lib winspool.lib comdlg32.lib advapi32.lib shell32.lib ole32.lib oleaut32.lib uuid.lib odbc32.lib odbccp32.lib /MANIFEST /MANIFESTUAC:"level='asInvoker' uiAccess='false'" /manifest:embed /DEBUG:FASTLINK /PDB:"..\bin\Debug-windows-x86_64\LearnOpenGL\LearnOpenGL.pdb" /SUBSYSTEM:CONSOLE /TLBID:1 /DYNAMICBASE /NXCOMPAT /IMPLIB:"..\bin\Debug-windows-x86_64\LearnOpenGL\LearnOpenGL.lib" /MACHINE:X64 "..\bin-int\Debug-windows-x86_64\LearnOpenGL\Renderer.obj"
         "..\bin-int\Debug-windows-x86_64\LearnOpenGL\Camera.obj"
         "..\bin-int\Debug-windows-x86_64\LearnOpenGL\PerspectiveCamera.obj"
         "..\bin-int\Debug-windows-x86_64\LearnOpenGL\OrthographicCamera.obj"
         "..\bin-int\Debug-windows-x86_64\LearnOpenGL\Application.obj"
         "..\bin-int\Debug-windows-x86_64\LearnOpenGL\EntryPoint.obj"
         "..\bin-int\Debug-windows-x86_64\LearnOpenGL\Log.obj"
         "..\bin-int\Debug-windows-x86_64\LearnOpenGL\Context.obj"
         "..\bin-int\Debug-windows-x86_64\LearnOpenGL\Shader.obj"
         "..\bin-int\Debug-windows-x86_64\LearnOpenGL\Texture.obj"
         "..\bin-int\Debug-windows-x86_64\LearnOpenGL\Window.obj"
         "..\bin-int\Debug-windows-x86_64\LearnOpenGL\pch.obj"
         "F:\OpenGL\LearnOpenGL\LearnOpenGL\vendor\GLFW\bin\Debug-windows-x86_64\GLFW\GLFW.lib"
         "F:\OpenGL\LearnOpenGL\LearnOpenGL\vendor\Glad\bin\Debug-windows-x86_64\Glad\Glad.lib"
         "F:\OpenGL\LearnOpenGL\LearnOpenGL\vendor\imgui\bin\Debug-windows-x86_64\ImGui\ImGui.lib"
         LearnOpenGL.vcxproj -> F:\OpenGL\LearnOpenGL\LearnOpenGL\..\bin\Debug-windows-x86_64\LearnOpenGL\LearnOpenGL.exe
       FinalizeBuildStatus:
         正在删除文件“..\bin-int\Debug-windows-x86_64\LearnOpenGL\LearnOpenGL.tlog\unsuccessfulbuild”。
         正在对“..\bin-int\Debug-windows-x86_64\LearnOpenGL\LearnOpenGL.tlog\LearnOpenGL.lastbuildstate”执行 Touch 任务。
     1>已完成生成项目“F:\OpenGL\LearnOpenGL\LearnOpenGL\LearnOpenGL.vcxproj”(Build 个目标)的操作。

已成功生成。

       “F:\OpenGL\LearnOpenGL\LearnOpenGL\LearnOpenGL.vcxproj”(Build 目标) (1) ->
       (ClCompile 目标) -> 
         f:\opengl\learnopengl\learnopengl\src\gameengine\application.cpp(104): warning C4305: “参数”: 从“double”到“float”截断

    1 个警告
    0 个错误

已用时间 00:00:02.20
